*** Starting uWSGI 2.0.20 (64bit) on [Wed Aug 17 10:58:04 2022] ***
compiled with version: 9.4.0 on 12 June 2022 07:46:21
os: Linux-5.15.0-43-generic #46~20.04.1-Ubuntu SMP Thu Jul 14 15:20:17 UTC 2022
nodename: numpy-VirtualBox
machine: x86_64
clock source: unix
detected number of CPU cores: 6
current working directory: /home/numpy/pyc/xiangmu/dailyfresh/dailyfresh
writing pidfile to uwsgi.pid
detected binary path: /usr/local/bin/uwsgi
!!! no internal routing support, rebuild with pcre support !!!
chdir() to /home/numpy/pyc/xiangmu/dailyfresh
your processes number limit is 31125
your memory page size is 4096 bytes
detected max file descriptor number: 1024
lock engine: pthread robust mutexes
thunder lock: disabled (you can enable it with --thunder-lock)
uWSGI http bound on 127.0.0.1:8080 fd 4
uwsgi socket 0 bound to TCP address 127.0.0.1:39039 (port auto-assigned) fd 3
Python version: 3.8.10 (default, Jun 22 2022, 20:18:18)  [GCC 9.4.0]
Python main interpreter initialized at 0x562e66a51390
python threads support enabled
your server socket listen backlog is limited to 100 connections
your mercy for graceful operations on workers is 60 seconds
mapped 416880 bytes (407 KB) for 8 cores
*** Operational MODE: preforking+threaded ***
WSGI app 0 (mountpoint='') ready in 1 seconds on interpreter 0x562e66a51390 pid: 33170 (default app)
*** uWSGI is running in multiple interpreter mode ***
spawned uWSGI master process (pid: 33170)
spawned uWSGI worker 1 (pid: 33172, cores: 2)
spawned uWSGI worker 2 (pid: 33173, cores: 2)
spawned uWSGI worker 3 (pid: 33175, cores: 2)
spawned uWSGI worker 4 (pid: 33177, cores: 2)
spawned uWSGI http 1 (pid: 33178)
[pid: 33173|app: 0|req: 1/1] 127.0.0.1 () {46 vars in 892 bytes} [Wed Aug 17 10:59:29 2022] GET /goods => generated 0 bytes in 598 msecs (HTTP/1.1 301) 3 headers in 112 bytes (1 switches on core 0)
设置缓存
[pid: 33172|app: 0|req: 1/2] 127.0.0.1 () {46 vars in 894 bytes} [Wed Aug 17 10:59:29 2022] GET /goods/ => generated 13362 bytes in 704 msecs (HTTP/1.1 200) 4 headers in 125 bytes (1 switches on core 0)
[pid: 33172|app: 0|req: 3/3] 127.0.0.1 () {44 vars in 842 bytes} [Wed Aug 17 10:59:30 2022] GET /static/css/reset.css => generated 77 bytes in 5 msecs (HTTP/1.1 404) 3 headers in 100 bytes (1 switches on core 1)
[pid: 33172|app: 0|req: 3/4] 127.0.0.1 () {44 vars in 840 bytes} [Wed Aug 17 10:59:30 2022] GET /static/css/main.css => generated 77 bytes in 6 msecs (HTTP/1.1 404) 3 headers in 100 bytes (1 switches on core 0)
[pid: 33172|app: 0|req: 4/5] 127.0.0.1 () {44 vars in 824 bytes} [Wed Aug 17 10:59:30 2022] GET /static/js/slide.js => generated 77 bytes in 2 msecs (HTTP/1.1 404) 3 headers in 100 bytes (1 switches on core 1)
[pid: 33177|app: 0|req: 1/6] 127.0.0.1 () {44 vars in 840 bytes} [Wed Aug 17 10:59:30 2022] GET /static/js/jquery-ui.min.js => generated 77 bytes in 557 msecs (HTTP/1.1 404) 3 headers in 100 bytes (1 switches on core 0)
[pid: 33175|app: 0|req: 2/7] 127.0.0.1 () {44 vars in 848 bytes} [Wed Aug 17 10:59:30 2022] GET /static/js/jquery-1.12.4.min.js => generated 77 bytes in 580 msecs (HTTP/1.1 404) 3 headers in 100 bytes (1 switches on core 0)
[pid: 33175|app: 0|req: 2/8] 127.0.0.1 () {44 vars in 853 bytes} [Wed Aug 17 10:59:31 2022] GET /static/images/logo.png => generated 77 bytes in 11 msecs (HTTP/1.1 404) 3 headers in 100 bytes (1 switches on core 1)
[pid: 33172|app: 0|req: 5/9] 127.0.0.1 () {44 vars in 840 bytes} [Wed Aug 17 10:59:31 2022] GET /static/js/jquery-ui.min.js => generated 77 bytes in 1 msecs (HTTP/1.1 404) 3 headers in 100 bytes (1 switches on core 1)
[pid: 33172|app: 0|req: 6/10] 127.0.0.1 () {44 vars in 824 bytes} [Wed Aug 17 10:59:31 2022] GET /static/js/slide.js => generated 77 bytes in 0 msecs (HTTP/1.1 404) 3 headers in 100 bytes (1 switches on core 0)
[pid: 33177|app: 0|req: 2/11] 127.0.0.1 () {44 vars in 853 bytes} [Wed Aug 17 10:59:31 2022] GET /static/images/logo.png => generated 77 bytes in 1 msecs (HTTP/1.1 404) 3 headers in 100 bytes (1 switches on core 1)
[pid: 33175|app: 0|req: 3/12] 127.0.0.1 () {44 vars in 831 bytes} [Wed Aug 17 10:59:31 2022] GET /favicon.ico => generated 77 bytes in 1 msecs (HTTP/1.1 404) 3 headers in 100 bytes (1 switches on core 0)
SIGINT/SIGTERM received...killing workers...
gateway "uWSGI http 1" has been buried (pid: 33178)
worker 1 buried after 1 seconds
worker 2 buried after 1 seconds
worker 3 buried after 1 seconds
worker 4 buried after 1 seconds
goodbye to uWSGI.
*** Starting uWSGI 2.0.20 (64bit) on [Wed Aug 17 16:30:25 2022] ***
compiled with version: 9.4.0 on 12 June 2022 07:46:21
os: Linux-5.15.0-43-generic #46~20.04.1-Ubuntu SMP Thu Jul 14 15:20:17 UTC 2022
nodename: numpy-VirtualBox
machine: x86_64
clock source: unix
detected number of CPU cores: 6
current working directory: /home/numpy/pyc/xiangmu/dailyfresh/dailyfresh
writing pidfile to uwsgi.pid
detected binary path: /usr/local/bin/uwsgi
!!! no internal routing support, rebuild with pcre support !!!
chdir() to /home/numpy/pyc/xiangmu/dailyfresh
your processes number limit is 31125
your memory page size is 4096 bytes
detected max file descriptor number: 1024
lock engine: pthread robust mutexes
thunder lock: disabled (you can enable it with --thunder-lock)
uwsgi socket 0 bound to TCP address 127.0.0.1:8080 fd 3
Python version: 3.8.10 (default, Jun 22 2022, 20:18:18)  [GCC 9.4.0]
Python main interpreter initialized at 0x55e8d4b30280
python threads support enabled
your server socket listen backlog is limited to 100 connections
your mercy for graceful operations on workers is 60 seconds
mapped 416880 bytes (407 KB) for 8 cores
*** Operational MODE: preforking+threaded ***
WSGI app 0 (mountpoint='') ready in 1 seconds on interpreter 0x55e8d4b30280 pid: 34054 (default app)
*** uWSGI is running in multiple interpreter mode ***
spawned uWSGI master process (pid: 34054)
spawned uWSGI worker 1 (pid: 34056, cores: 2)
spawned uWSGI worker 2 (pid: 34057, cores: 2)
spawned uWSGI worker 3 (pid: 34059, cores: 2)
spawned uWSGI worker 4 (pid: 34061, cores: 2)
[pid: 34059|app: 0|req: 1/1] 127.0.0.1 () {48 vars in 916 bytes} [Wed Aug 17 16:30:58 2022] GET /goods => generated 0 bytes in 533 msecs (HTTP/1.1 301) 3 headers in 112 bytes (1 switches on core 0)
invalid request block size: 21573 (max 4096)...skip
invalid request block size: 21573 (max 4096)...skip
invalid request block size: 21573 (max 4096)...skip
invalid request block size: 21573 (max 4096)...skip
invalid request block size: 21573 (max 4096)...skip
invalid request block size: 21573 (max 4096)...skip
invalid request block size: 21573 (max 4096)...skip
invalid request block size: 21573 (max 4096)...skip
invalid request block size: 21573 (max 4096)...skip
invalid request block size: 21573 (max 4096)...skip
invalid request block size: 21573 (max 4096)...skip
invalid request block size: 21573 (max 4096)...skip
invalid request block size: 21573 (max 4096)...skip
invalid request block size: 21573 (max 4096)...skip
invalid request block size: 21573 (max 4096)...skip
invalid request block size: 21573 (max 4096)...skip
invalid request block size: 21573 (max 4096)...skip
invalid request block size: 21573 (max 4096)...skip
invalid request block size: 21573 (max 4096)...skip
invalid request block size: 21573 (max 4096)...skip
invalid request block size: 21573 (max 4096)...skip
invalid request block size: 21573 (max 4096)...skip
invalid request block size: 21573 (max 4096)...skip
invalid request block size: 21573 (max 4096)...skip
invalid request block size: 21573 (max 4096)...skip
invalid request block size: 21573 (max 4096)...skip
invalid request block size: 21573 (max 4096)...skip
invalid request block size: 21573 (max 4096)...skip
invalid request block size: 21573 (max 4096)...skip
invalid request block size: 21573 (max 4096)...skip
invalid request block size: 21573 (max 4096)...skip
DAMN ! worker 2 (pid: 34057) died, killed by signal 9 :( trying respawn ...
Respawned uWSGI worker 2 (new pid: 34449)
invalid request block size: 21573 (max 4096)...skip
invalid request block size: 21573 (max 4096)...skip
invalid request block size: 21573 (max 4096)...skip
invalid request block size: 21573 (max 4096)...skip
invalid request block size: 21573 (max 4096)...skip
invalid request block size: 21573 (max 4096)...skip
invalid request block size: 21573 (max 4096)...skip
invalid request block size: 21573 (max 4096)...skip
invalid request block size: 21573 (max 4096)...skip
invalid request block size: 21573 (max 4096)...skip
invalid request block size: 21573 (max 4096)...skip
invalid request block size: 21573 (max 4096)...skip
invalid request block size: 21573 (max 4096)...skip
invalid request block size: 21573 (max 4096)...skip
invalid request block size: 21573 (max 4096)...skip
invalid request block size: 21573 (max 4096)...skip
invalid request block size: 21573 (max 4096)...skip
invalid request block size: 21573 (max 4096)...skip
invalid request block size: 21573 (max 4096)...skip
invalid request block size: 21573 (max 4096)...skip
invalid request block size: 21573 (max 4096)...skip
invalid request block size: 21573 (max 4096)...skip
invalid request block size: 21573 (max 4096)...skip
invalid request block size: 21573 (max 4096)...skip
invalid request block size: 21573 (max 4096)...skip
invalid request block size: 21573 (max 4096)...skip
invalid request block size: 21573 (max 4096)...skip
invalid request block size: 21573 (max 4096)...skip
invalid request block size: 21573 (max 4096)...skip
invalid request block size: 21573 (max 4096)...skip
DAMN ! worker 3 (pid: 34059) died, killed by signal 9 :( trying respawn ...
Respawned uWSGI worker 3 (new pid: 34914)
DAMN ! worker 1 (pid: 34056) died, killed by signal 9 :( trying respawn ...
Respawned uWSGI worker 1 (new pid: 35015)
设置缓存
[pid: 34449|app: 0|req: 2/2] 127.0.0.1 () {48 vars in 918 bytes} [Wed Aug 17 16:48:00 2022] GET /goods/ => generated 13362 bytes in 2061 msecs (HTTP/1.1 200) 4 headers in 125 bytes (1 switches on core 1)
[pid: 35015|app: 0|req: 2/3] 127.0.0.1 () {50 vars in 962 bytes} [Wed Aug 17 16:48:38 2022] GET /user/ => generated 5047 bytes in 684 msecs (HTTP/1.1 200) 4 headers in 124 bytes (1 switches on core 0)
[pid: 34914|app: 0|req: 5/4] 127.0.0.1 () {50 vars in 969 bytes} [Wed Aug 17 16:48:43 2022] GET /user/site => generated 3375 bytes in 6137 msecs (HTTP/1.1 200) 5 headers in 292 bytes (1 switches on core 1)
/home/numpy/pyc/xiangmu/dailyfresh/apps/user/views.py:183: UnorderedObjectListWarning: Pagination may yield inconsistent results with an unordered object_list: <class 'order.models.OrderInfo'> QuerySet.
  paginator=Paginator(orders,1)#每页显示一个订单
[pid: 35015|app: 0|req: 3/5] 127.0.0.1 () {50 vars in 979 bytes} [Wed Aug 17 16:48:51 2022] GET /user/order/1 => generated 5343 bytes in 110 msecs (HTTP/1.1 200) 5 headers in 292 bytes (1 switches on core 1)
[pid: 34449|app: 0|req: 3/6] 127.0.0.1 () {50 vars in 976 bytes} [Wed Aug 17 16:48:52 2022] GET /user/site => generated 3375 bytes in 28 msecs (HTTP/1.1 200) 5 headers in 292 bytes (1 switches on core 0)
[pid: 34449|app: 0|req: 4/7] 127.0.0.1 () {50 vars in 965 bytes} [Wed Aug 17 16:48:53 2022] GET /user/ => generated 5047 bytes in 31 msecs (HTTP/1.1 200) 4 headers in 124 bytes (1 switches on core 1)
[pid: 34061|app: 0|req: 1/8] 127.0.0.1 () {50 vars in 980 bytes} [Wed Aug 17 16:49:08 2022] GET /goods/detail/5 => generated 8696 bytes in 854 msecs (HTTP/1.1 200) 5 headers in 292 bytes (1 switches on core 1)
[pid: 35015|app: 0|req: 4/9] 127.0.0.1 () {50 vars in 980 bytes} [Wed Aug 17 16:51:05 2022] GET /goods/detail/3 => generated 8759 bytes in 48 msecs (HTTP/1.1 200) 5 headers in 292 bytes (1 switches on core 0)
[pid: 34449|app: 0|req: 5/10] 127.0.0.1 () {48 vars in 906 bytes} [Wed Aug 17 16:51:19 2022] GET / => generated 77 bytes in 12 msecs (HTTP/1.1 404) 3 headers in 100 bytes (1 switches on core 0)
[pid: 34061|app: 0|req: 2/11] 127.0.0.1 () {48 vars in 918 bytes} [Wed Aug 17 16:51:28 2022] GET /goods/ => generated 13362 bytes in 94 msecs (HTTP/1.1 200) 4 headers in 125 bytes (1 switches on core 0)
invalid request block size: 21573 (max 4096)...skip
invalid request block size: 21573 (max 4096)...skip
invalid request block size: 21573 (max 4096)...skip
invalid request block size: 21573 (max 4096)...skip
invalid request block size: 21573 (max 4096)...skip
invalid request block size: 21573 (max 4096)...skip
invalid request block size: 21573 (max 4096)...skip
invalid request block size: 21573 (max 4096)...skip
invalid request block size: 21573 (max 4096)...skip
invalid request block size: 21573 (max 4096)...skip
invalid request block size: 21573 (max 4096)...skip
invalid request block size: 21573 (max 4096)...skip
invalid request block size: 21573 (max 4096)...skip
invalid request block size: 21573 (max 4096)...skip
invalid request block size: 21573 (max 4096)...skip
invalid request block size: 21573 (max 4096)...skip
invalid request block size: 21573 (max 4096)...skip
invalid request block size: 21573 (max 4096)...skip
invalid request block size: 21573 (max 4096)...skip
invalid request block size: 21573 (max 4096)...skip
invalid request block size: 21573 (max 4096)...skip
invalid request block size: 21573 (max 4096)...skip
invalid request block size: 21573 (max 4096)...skip
invalid request block size: 21573 (max 4096)...skip
invalid request block size: 21573 (max 4096)...skip
invalid request block size: 21573 (max 4096)...skip
invalid request block size: 21573 (max 4096)...skip
invalid request block size: 21573 (max 4096)...skip
invalid request block size: 21573 (max 4096)...skip
invalid request block size: 21573 (max 4096)...skip
invalid request block size: 21573 (max 4096)...skip
invalid request block size: 21573 (max 4096)...skip
invalid request block size: 21573 (max 4096)...skip
invalid request block size: 21573 (max 4096)...skip
invalid request block size: 21573 (max 4096)...skip
invalid request block size: 21573 (max 4096)...skip
invalid request block size: 21573 (max 4096)...skip
invalid request block size: 21573 (max 4096)...skip
invalid request block size: 21573 (max 4096)...skip
invalid request block size: 21573 (max 4096)...skip
invalid request block size: 21573 (max 4096)...skip
invalid request block size: 21573 (max 4096)...skip
invalid request block size: 21573 (max 4096)...skip
invalid request block size: 21573 (max 4096)...skip
invalid request block size: 21573 (max 4096)...skip
invalid request block size: 21573 (max 4096)...skip
invalid request block size: 21573 (max 4096)...skip
invalid request block size: 21573 (max 4096)...skip
invalid request block size: 21573 (max 4096)...skip
invalid request block size: 21573 (max 4096)...skip
invalid request block size: 21573 (max 4096)...skip
invalid request block size: 21573 (max 4096)...skip
invalid request block size: 21573 (max 4096)...skip
invalid request block size: 21573 (max 4096)...skip
invalid request block size: 21573 (max 4096)...skip
invalid request block size: 21573 (max 4096)...skip
invalid request block size: 21573 (max 4096)...skip
invalid request block size: 21573 (max 4096)...skip
invalid request block size: 21573 (max 4096)...skip
invalid request block size: 21573 (max 4096)...skip
invalid request block size: 21573 (max 4096)...skip
[pid: 34449|app: 0|req: 6/12] 127.0.0.1 () {48 vars in 918 bytes} [Wed Aug 17 16:52:20 2022] GET /goods/ => generated 13362 bytes in 93 msecs (HTTP/1.1 200) 4 headers in 125 bytes (1 switches on core 0)
[pid: 35015|app: 0|req: 5/13] 127.0.0.1 () {46 vars in 850 bytes} [Wed Aug 17 16:52:20 2022] GET /favicon.ico => generated 77 bytes in 5 msecs (HTTP/1.1 404) 3 headers in 100 bytes (1 switches on core 1)
[pid: 35015|app: 0|req: 6/14] 127.0.0.1 () {48 vars in 918 bytes} [Wed Aug 17 16:52:29 2022] GET /goods/ => generated 13362 bytes in 104 msecs (HTTP/1.1 200) 4 headers in 125 bytes (1 switches on core 0)
DAMN ! worker 3 (pid: 34914) died, killed by signal 9 :( trying respawn ...
Respawned uWSGI worker 3 (new pid: 35558)
[pid: 34449|app: 0|req: 7/15] 192.168.43.31 () {42 vars in 755 bytes} [Wed Aug 17 16:56:40 2022] GET / => generated 77 bytes in 49 msecs (HTTP/1.1 404) 3 headers in 100 bytes (1 switches on core 1)
[pid: 35558|app: 0|req: 6/16] 192.168.43.31 () {38 vars in 627 bytes} [Wed Aug 17 16:56:41 2022] GET /favicon.ico => generated 77 bytes in 1206 msecs (HTTP/1.1 404) 3 headers in 100 bytes (1 switches on core 0)
[pid: 35558|app: 0|req: 7/17] 127.0.0.1 () {48 vars in 916 bytes} [Wed Aug 17 16:57:05 2022] GET /goods => generated 0 bytes in 5 msecs (HTTP/1.1 301) 3 headers in 112 bytes (1 switches on core 1)
[pid: 34449|app: 0|req: 8/18] 127.0.0.1 () {48 vars in 918 bytes} [Wed Aug 17 16:57:05 2022] GET /goods/ => generated 13362 bytes in 237 msecs (HTTP/1.1 200) 4 headers in 125 bytes (1 switches on core 0)
[pid: 34449|app: 0|req: 9/19] 127.0.0.1 () {46 vars in 850 bytes} [Wed Aug 17 16:57:05 2022] GET /favicon.ico => generated 77 bytes in 1 msecs (HTTP/1.1 404) 3 headers in 100 bytes (1 switches on core 1)
*** Starting uWSGI 2.0.20 (64bit) on [Wed Aug 17 19:41:53 2022] ***
compiled with version: 9.4.0 on 12 June 2022 07:46:21
os: Linux-5.15.0-43-generic #46~20.04.1-Ubuntu SMP Thu Jul 14 15:20:17 UTC 2022
nodename: numpy-VirtualBox
machine: x86_64
clock source: unix
detected number of CPU cores: 6
current working directory: /home/numpy/pyc/xiangmu/dailyfresh/dailyfresh
writing pidfile to uwsgi.pid
detected binary path: /usr/local/bin/uwsgi
!!! no internal routing support, rebuild with pcre support !!!
chdir() to /home/numpy/pyc/xiangmu/dailyfresh
your processes number limit is 31125
your memory page size is 4096 bytes
detected max file descriptor number: 1048576
lock engine: pthread robust mutexes
thunder lock: disabled (you can enable it with --thunder-lock)
uwsgi socket 0 bound to TCP address 127.0.0.1:8080 fd 3
Python version: 3.8.10 (default, Jun 22 2022, 20:18:18)  [GCC 9.4.0]
Python main interpreter initialized at 0x560c8cb8e5e0
python threads support enabled
your server socket listen backlog is limited to 100 connections
your mercy for graceful operations on workers is 60 seconds
mapped 416880 bytes (407 KB) for 8 cores
*** Operational MODE: preforking+threaded ***
WSGI app 0 (mountpoint='') ready in 1 seconds on interpreter 0x560c8cb8e5e0 pid: 4230 (default app)
*** uWSGI is running in multiple interpreter mode ***
spawned uWSGI master process (pid: 4230)
spawned uWSGI worker 1 (pid: 4236, cores: 2)
spawned uWSGI worker 2 (pid: 4237, cores: 2)
spawned uWSGI worker 3 (pid: 4238, cores: 2)
spawned uWSGI worker 4 (pid: 4240, cores: 2)
[pid: 4240|app: 0|req: 1/1] 127.0.0.1 () {48 vars in 906 bytes} [Wed Aug 17 19:42:50 2022] GET / => generated 77 bytes in 970 msecs (HTTP/1.1 404) 3 headers in 100 bytes (1 switches on core 0)
设置缓存
[pid: 4236|app: 0|req: 1/2] 127.0.0.1 () {48 vars in 918 bytes} [Wed Aug 17 19:43:19 2022] GET /goods/ => generated 13362 bytes in 854 msecs (HTTP/1.1 200) 4 headers in 125 bytes (1 switches on core 0)
[pid: 4240|app: 0|req: 2/3] 127.0.0.1 () {50 vars in 962 bytes} [Wed Aug 17 19:44:11 2022] GET /user/ => generated 5047 bytes in 87 msecs (HTTP/1.1 200) 4 headers in 124 bytes (1 switches on core 1)
/home/numpy/pyc/xiangmu/dailyfresh/apps/user/views.py:183: UnorderedObjectListWarning: Pagination may yield inconsistent results with an unordered object_list: <class 'order.models.OrderInfo'> QuerySet.
  paginator=Paginator(orders,1)#每页显示一个订单
[pid: 4237|app: 0|req: 1/4] 127.0.0.1 () {50 vars in 975 bytes} [Wed Aug 17 19:44:12 2022] GET /user/order/1 => generated 5343 bytes in 736 msecs (HTTP/1.1 200) 5 headers in 292 bytes (1 switches on core 0)
[pid: 4240|app: 0|req: 3/5] 127.0.0.1 () {50 vars in 976 bytes} [Wed Aug 17 19:44:14 2022] GET /user/site => generated 3375 bytes in 15 msecs (HTTP/1.1 200) 5 headers in 292 bytes (1 switches on core 0)
[pid: 4240|app: 0|req: 4/6] 127.0.0.1 () {50 vars in 965 bytes} [Wed Aug 17 19:44:47 2022] GET /user/ => generated 5047 bytes in 36 msecs (HTTP/1.1 200) 4 headers in 124 bytes (1 switches on core 1)
[pid: 4237|app: 0|req: 2/7] 127.0.0.1 () {50 vars in 975 bytes} [Wed Aug 17 19:44:48 2022] GET /user/order/1 => generated 5343 bytes in 15 msecs (HTTP/1.1 200) 5 headers in 292 bytes (1 switches on core 1)
[pid: 4238|app: 0|req: 1/8] 127.0.0.1 () {48 vars in 918 bytes} [Wed Aug 17 19:47:23 2022] GET /admin/ => generated 8807 bytes in 799 msecs (HTTP/1.1 200) 6 headers in 227 bytes (1 switches on core 0)
[pid: 4238|app: 0|req: 2/9] 127.0.0.1 () {50 vars in 1018 bytes} [Wed Aug 17 19:47:30 2022] GET /admin/goods/indexpromotionbanner/ => generated 4764 bytes in 87 msecs (HTTP/1.1 200) 7 headers in 395 bytes (1 switches on core 1)
[pid: 4240|app: 0|req: 5/10] 127.0.0.1 () {46 vars in 860 bytes} [Wed Aug 17 19:47:30 2022] GET /admin/jsi18n/ => generated 7722 bytes in 13 msecs (HTTP/1.1 200) 4 headers in 132 bytes (1 switches on core 0)
[pid: 4240|app: 0|req: 6/11] 127.0.0.1 () {48 vars in 918 bytes} [Wed Aug 17 19:47:32 2022] GET /admin/ => generated 8807 bytes in 92 msecs (HTTP/1.1 200) 6 headers in 227 bytes (1 switches on core 1)
[pid: 4238|app: 0|req: 3/12] 127.0.0.1 () {50 vars in 994 bytes} [Wed Aug 17 19:47:33 2022] GET /admin/goods/goodssku/ => generated 10164 bytes in 49 msecs (HTTP/1.1 200) 7 headers in 396 bytes (1 switches on core 0)
[pid: 4238|app: 0|req: 4/13] 127.0.0.1 () {46 vars in 848 bytes} [Wed Aug 17 19:47:33 2022] GET /admin/jsi18n/ => generated 7722 bytes in 10 msecs (HTTP/1.1 200) 4 headers in 132 bytes (1 switches on core 1)
[pid: 4236|app: 0|req: 2/14] 127.0.0.1 () {50 vars in 1017 bytes} [Wed Aug 17 19:47:38 2022] GET /admin/goods/goodssku/add/ => generated 11449 bytes in 144 msecs (HTTP/1.1 200) 7 headers in 396 bytes (1 switches on core 1)
[pid: 4240|app: 0|req: 7/15] 127.0.0.1 () {46 vars in 852 bytes} [Wed Aug 17 19:47:38 2022] GET /admin/jsi18n/ => generated 7722 bytes in 12 msecs (HTTP/1.1 200) 4 headers in 132 bytes (1 switches on core 0)
Building prefix dict from the default dictionary ...
Dumping model to file cache /tmp/jieba.cache
Loading model cost 2.119 seconds.
Prefix dict has been built successfully.
[pid: 4236|app: 0|req: 3/16] 127.0.0.1 () {56 vars in 1277 bytes} [Wed Aug 17 19:49:56 2022] POST /admin/goods/goodssku/add/ => generated 0 bytes in 2423 msecs (HTTP/1.1 302) 8 headers in 532 bytes (1 switches on core 0)
[pid: 4240|app: 0|req: 8/17] 127.0.0.1 () {50 vars in 1239 bytes} [Wed Aug 17 19:49:58 2022] GET /admin/goods/goodssku/ => generated 10560 bytes in 87 msecs (HTTP/1.1 200) 8 headers in 480 bytes (1 switches on core 1)
[pid: 4236|app: 0|req: 4/18] 127.0.0.1 () {46 vars in 848 bytes} [Wed Aug 17 19:49:58 2022] GET /admin/jsi18n/ => generated 7722 bytes in 13 msecs (HTTP/1.1 200) 4 headers in 132 bytes (1 switches on core 1)
设置缓存
[pid: 4236|app: 0|req: 5/19] 127.0.0.1 () {48 vars in 918 bytes} [Wed Aug 17 20:12:56 2022] GET /goods/ => generated 13362 bytes in 104 msecs (HTTP/1.1 200) 4 headers in 125 bytes (1 switches on core 0)
[pid: 4236|app: 0|req: 6/20] 127.0.0.1 () {50 vars in 980 bytes} [Wed Aug 17 21:00:23 2022] GET /goods/detail/2 => generated 8692 bytes in 41 msecs (HTTP/1.1 200) 5 headers in 292 bytes (1 switches on core 1)
[pid: 4236|app: 0|req: 7/21] 127.0.0.1 () {50 vars in 991 bytes} [Wed Aug 17 21:00:48 2022] GET /goods/detail/27 => generated 8714 bytes in 36 msecs (HTTP/1.1 200) 5 headers in 292 bytes (1 switches on core 0)
[pid: 4240|app: 0|req: 9/22] 127.0.0.1 () {50 vars in 991 bytes} [Wed Aug 17 21:10:58 2022] GET /goods/detail/28 => generated 8689 bytes in 37 msecs (HTTP/1.1 200) 5 headers in 292 bytes (1 switches on core 0)
[pid: 4238|app: 0|req: 5/23] 127.0.0.1 () {50 vars in 991 bytes} [Wed Aug 17 21:12:40 2022] GET /goods/detail/28 => generated 8689 bytes in 39 msecs (HTTP/1.1 200) 5 headers in 292 bytes (1 switches on core 0)
[pid: 4240|app: 0|req: 10/24] 192.168.43.89 () {38 vars in 673 bytes} [Wed Aug 17 21:13:01 2022] GET /goods => generated 0 bytes in 43 msecs (HTTP/1.1 301) 3 headers in 112 bytes (1 switches on core 1)
[pid: 4238|app: 0|req: 6/25] 192.168.43.121 () {38 vars in 640 bytes} [Wed Aug 17 21:13:13 2022] GET /favicon.ico => generated 77 bytes in 2 msecs (HTTP/1.1 404) 3 headers in 100 bytes (1 switches on core 1)
[pid: 4238|app: 0|req: 7/26] 192.168.43.121 () {34 vars in 538 bytes} [Wed Aug 17 21:13:29 2022] GET /favicon.ico => generated 77 bytes in 1 msecs (HTTP/1.1 404) 3 headers in 100 bytes (1 switches on core 0)
[pid: 4238|app: 0|req: 8/27] 192.168.43.1 () {42 vars in 859 bytes} [Wed Aug 17 21:13:37 2022] GET /user/login/ => generated 2277 bytes in 4 msecs (HTTP/1.1 200) 5 headers in 292 bytes (1 switches on core 1)
...brutally killing workers...
worker 1 buried after 1 seconds
worker 2 buried after 1 seconds
worker 3 buried after 1 seconds
worker 4 buried after 1 seconds
binary reloading uWSGI...
chdir() to /home/numpy/pyc/xiangmu/dailyfresh/dailyfresh
closing all non-uwsgi socket fds > 2 (max_fd = 1048576)...
found fd 3 mapped to socket 0 (127.0.0.1:8080)
running /usr/local/bin/uwsgi
[uWSGI] getting INI configuration from uwsgi.ini
*** Starting uWSGI 2.0.20 (64bit) on [Wed Aug 17 21:14:25 2022] ***
compiled with version: 9.4.0 on 12 June 2022 07:46:21
os: Linux-5.15.0-43-generic #46~20.04.1-Ubuntu SMP Thu Jul 14 15:20:17 UTC 2022
nodename: numpy-VirtualBox
machine: x86_64
clock source: unix
detected number of CPU cores: 6
current working directory: /home/numpy/pyc/xiangmu/dailyfresh/dailyfresh
detected binary path: /usr/local/bin/uwsgi
!!! no internal routing support, rebuild with pcre support !!!
chdir() to /home/numpy/pyc/xiangmu/dailyfresh
your processes number limit is 31125
your memory page size is 4096 bytes
detected max file descriptor number: 1048576
lock engine: pthread robust mutexes
thunder lock: disabled (you can enable it with --thunder-lock)
uwsgi socket 0 bound to TCP address 192.168.43.89:8080 fd 3
Python version: 3.8.10 (default, Jun 22 2022, 20:18:18)  [GCC 9.4.0]
Python main interpreter initialized at 0x55f86957b210
python threads support enabled
your server socket listen backlog is limited to 100 connections
your mercy for graceful operations on workers is 60 seconds
mapped 416880 bytes (407 KB) for 8 cores
*** Operational MODE: preforking+threaded ***
WSGI app 0 (mountpoint='') ready in 1 seconds on interpreter 0x55f86957b210 pid: 4230 (default app)
*** uWSGI is running in multiple interpreter mode ***
gracefully (RE)spawned uWSGI master process (pid: 4230)
spawned uWSGI worker 1 (pid: 6347, cores: 2)
spawned uWSGI worker 2 (pid: 6348, cores: 2)
spawned uWSGI worker 3 (pid: 6350, cores: 2)
spawned uWSGI worker 4 (pid: 6352, cores: 2)
