*** Starting uWSGI 2.0.20 (64bit) on [Wed Aug 17 20:50:00 2022] ***
compiled with version: 9.4.0 on 12 June 2022 07:46:21
os: Linux-5.15.0-43-generic #46~20.04.1-Ubuntu SMP Thu Jul 14 15:20:17 UTC 2022
nodename: numpy-VirtualBox
machine: x86_64
clock source: unix
detected number of CPU cores: 6
current working directory: /home/numpy/pyc/xiangmu/dailyfresh/dailyfresh
writing pidfile to uwsgi2.pid
detected binary path: /usr/local/bin/uwsgi
!!! no internal routing support, rebuild with pcre support !!!
chdir() to /home/numpy/pyc/xiangmu/dailyfresh
your processes number limit is 31125
your memory page size is 4096 bytes
detected max file descriptor number: 1048576
lock engine: pthread robust mutexes
thunder lock: disabled (you can enable it with --thunder-lock)
uwsgi socket 0 bound to TCP address 127.0.0.1:8081 fd 3
Python version: 3.8.10 (default, Jun 22 2022, 20:18:18)  [GCC 9.4.0]
Python main interpreter initialized at 0x55c072af0600
python threads support enabled
your server socket listen backlog is limited to 100 connections
your mercy for graceful operations on workers is 60 seconds
mapped 416880 bytes (407 KB) for 8 cores
*** Operational MODE: preforking+threaded ***
WSGI app 0 (mountpoint='') ready in 1 seconds on interpreter 0x55c072af0600 pid: 5939 (default app)
*** uWSGI is running in multiple interpreter mode ***
spawned uWSGI master process (pid: 5939)
spawned uWSGI worker 1 (pid: 5941, cores: 2)
spawned uWSGI worker 2 (pid: 5942, cores: 2)
spawned uWSGI worker 3 (pid: 5943, cores: 2)
spawned uWSGI worker 4 (pid: 5945, cores: 2)
[pid: 5943|app: 0|req: 1/1] 127.0.0.1 () {50 vars in 990 bytes} [Wed Aug 17 21:00:40 2022] GET /goods/detail/28 => generated 8689 bytes in 705 msecs (HTTP/1.1 200) 5 headers in 292 bytes (1 switches on core 0)
[pid: 5942|app: 0|req: 1/2] 192.168.43.89 () {38 vars in 627 bytes} [Wed Aug 17 21:12:51 2022] GET /favicon.ico => generated 77 bytes in 599 msecs (HTTP/1.1 404) 3 headers in 100 bytes (1 switches on core 0)
设置缓存
[pid: 5943|app: 0|req: 2/3] 192.168.43.89 () {38 vars in 675 bytes} [Wed Aug 17 21:13:01 2022] GET /goods/ => generated 13337 bytes in 103 msecs (HTTP/1.1 200) 4 headers in 125 bytes (1 switches on core 1)
[pid: 5942|app: 0|req: 2/4] 192.168.43.121 () {40 vars in 760 bytes} [Wed Aug 17 21:13:16 2022] GET /user/login/ => generated 2277 bytes in 11 msecs (HTTP/1.1 200) 5 headers in 292 bytes (1 switches on core 1)
[pid: 5942|app: 0|req: 3/5] 192.168.43.1 () {40 vars in 739 bytes} [Wed Aug 17 21:13:34 2022] GET /favicon.ico => generated 77 bytes in 1 msecs (HTTP/1.1 404) 3 headers in 100 bytes (1 switches on core 0)
[pid: 5941|app: 0|req: 1/6] 192.168.43.1 () {42 vars in 839 bytes} [Wed Aug 17 21:13:37 2022] GET /favicon.ico => generated 77 bytes in 732 msecs (HTTP/1.1 404) 3 headers in 100 bytes (1 switches on core 0)
...brutally killing workers...
worker 1 buried after 1 seconds
worker 2 buried after 1 seconds
worker 3 buried after 1 seconds
worker 4 buried after 1 seconds
binary reloading uWSGI...
chdir() to /home/numpy/pyc/xiangmu/dailyfresh/dailyfresh
closing all non-uwsgi socket fds > 2 (max_fd = 1048576)...
found fd 3 mapped to socket 0 (127.0.0.1:8081)
running /usr/local/bin/uwsgi
[uWSGI] getting INI configuration from uwsgi2.ini
*** Starting uWSGI 2.0.20 (64bit) on [Wed Aug 17 21:14:25 2022] ***
compiled with version: 9.4.0 on 12 June 2022 07:46:21
os: Linux-5.15.0-43-generic #46~20.04.1-Ubuntu SMP Thu Jul 14 15:20:17 UTC 2022
nodename: numpy-VirtualBox
machine: x86_64
clock source: unix
detected number of CPU cores: 6
current working directory: /home/numpy/pyc/xiangmu/dailyfresh/dailyfresh
detected binary path: /usr/local/bin/uwsgi
!!! no internal routing support, rebuild with pcre support !!!
chdir() to /home/numpy/pyc/xiangmu/dailyfresh
your processes number limit is 31125
your memory page size is 4096 bytes
detected max file descriptor number: 1048576
lock engine: pthread robust mutexes
thunder lock: disabled (you can enable it with --thunder-lock)
uwsgi socket 0 bound to TCP address 192.168.43.89:8081 fd 3
Python version: 3.8.10 (default, Jun 22 2022, 20:18:18)  [GCC 9.4.0]
Python main interpreter initialized at 0x556c6c57d230
python threads support enabled
your server socket listen backlog is limited to 100 connections
your mercy for graceful operations on workers is 60 seconds
mapped 416880 bytes (407 KB) for 8 cores
*** Operational MODE: preforking+threaded ***
WSGI app 0 (mountpoint='') ready in 1 seconds on interpreter 0x556c6c57d230 pid: 5939 (default app)
*** uWSGI is running in multiple interpreter mode ***
gracefully (RE)spawned uWSGI master process (pid: 5939)
spawned uWSGI worker 1 (pid: 6339, cores: 2)
spawned uWSGI worker 2 (pid: 6340, cores: 2)
spawned uWSGI worker 3 (pid: 6341, cores: 2)
spawned uWSGI worker 4 (pid: 6344, cores: 2)
